Using pre-set license
Built from '2021.3/staging' branch; Version is '2021.3.2f1 (d6360bedb9a0) revision 14038539'; Using compiler version '192829333'; Build Type 'Release'
OS: 'Windows 10  (10.0.19044) 64bit CoreSingleLanguage' Language: 'en' Physical Memory: 3976 MB
BatchMode: 1, IsHumanControllingUs: 0, StartBugReporterOnCrash: 0, Is64bit: 1, IsPro: 1

COMMAND LINE ARGUMENTS:
D:\User\Documents\2021.3.2f1\Editor\Unity.exe
-adb2
-batchMode
-noUpm
-name
AssetImportWorker0
-projectPath
D:/User/Documents/GitHub/VT_UI/VT_UI-Proposal
-logFile
Logs/AssetImportWorker0.log
-srvPort
52433
Successfully changed project path to: D:/User/Documents/GitHub/VT_UI/VT_UI-Proposal
D:/User/Documents/GitHub/VT_UI/VT_UI-Proposal
[UnityMemory] Configuration Parameters - Can be set up in boot.config
    "memorysetup-bucket-allocator-granularity=16"
    "memorysetup-bucket-allocator-bucket-count=8"
    "memorysetup-bucket-allocator-block-size=33554432"
    "memorysetup-bucket-allocator-block-count=8"
    "memorysetup-main-allocator-block-size=16777216"
    "memorysetup-thread-allocator-block-size=16777216"
    "memorysetup-gfx-main-allocator-block-size=16777216"
    "memorysetup-gfx-thread-allocator-block-size=16777216"
    "memorysetup-cache-allocator-block-size=4194304"
    "memorysetup-typetree-allocator-block-size=2097152"
    "memorysetup-profiler-bucket-allocator-granularity=16"
    "memorysetup-profiler-bucket-allocator-bucket-count=8"
    "memorysetup-profiler-bucket-allocator-block-size=33554432"
    "memorysetup-profiler-bucket-allocator-block-count=8"
    "memorysetup-profiler-allocator-block-size=16777216"
    "memorysetup-profiler-editor-allocator-block-size=1048576"
    "memorysetup-temp-allocator-size-main=16777216"
    "memorysetup-job-temp-allocator-block-size=2097152"
    "memorysetup-job-temp-allocator-block-size-background=1048576"
    "memorysetup-job-temp-allocator-reduction-small-platforms=262144"
    "memorysetup-temp-allocator-size-background-worker=32768"
    "memorysetup-temp-allocator-size-job-worker=262144"
    "memorysetup-temp-allocator-size-preload-manager=33554432"
    "memorysetup-temp-allocator-size-nav-mesh-worker=65536"
    "memorysetup-temp-allocator-size-audio-worker=65536"
    "memorysetup-temp-allocator-size-cloud-worker=32768"
    "memorysetup-temp-allocator-size-gi-baking-worker=262144"
    "memorysetup-temp-allocator-size-gfx=262144"
Refreshing native plugins compatible for Editor in 395.99 ms, found 3 plugins.
Preloading 0 native plugins for Editor in 0.00 ms.
Initialize engine version: 2021.3.2f1 (d6360bedb9a0)
[Subsystems] Discovering subsystems at path D:/User/Documents/2021.3.2f1/Editor/Data/Resources/UnitySubsystems
[Subsystems] Discovering subsystems at path D:/User/Documents/GitHub/VT_UI/VT_UI-Proposal/Assets
GfxDevice: creating device client; threaded=0; jobified=0
Direct3D:
    Version:  Direct3D 11.0 [level 11.0]
    Renderer: NVIDIA GeForce MX110 (ID=0x174e)
    Vendor:   NVIDIA
    VRAM:     2010 MB
    Driver:   27.21.14.5749
Initialize mono
Mono path[0] = 'D:/User/Documents/2021.3.2f1/Editor/Data/Managed'
Mono path[1] = 'D:/User/Documents/2021.3.2f1/Editor/Data/MonoBleedingEdge/lib/mono/unityjit-win32'
Mono config path = 'D:/User/Documents/2021.3.2f1/Editor/Data/MonoBleedingEdge/etc'
Using monoOptions --debugger-agent=transport=dt_socket,embedding=1,server=y,suspend=n,address=127.0.0.1:56824
Begin MonoManager ReloadAssembly
Registering precompiled unity dll's ...
Register platform support module: D:/User/Documents/2021.3.2f1/Editor/Data/PlaybackEngines/WebGLSupport/UnityEditor.WebGL.Extensions.dll
Register platform support module: D:/User/Documents/2021.3.2f1/Editor/Data/PlaybackEngines/WindowsStandaloneSupport/UnityEditor.WindowsStandalone.Extensions.dll
Registered in 0.009576 seconds.
Native extension for WindowsStandalone target not found
Native extension for WebGL target not found
Refreshing native plugins compatible for Editor in 168.70 ms, found 3 plugins.
Preloading 0 native plugins for Editor in 0.00 ms.
Mono: successfully reloaded assembly
- Completed reload, in  1.599 seconds
Domain Reload Profiling:
	ReloadAssembly (1601ms)
		BeginReloadAssembly (292ms)
			ExecutionOrderSort (0ms)
			DisableScriptedObjects (0ms)
			BackupInstance (0ms)
			ReleaseScriptingObjects (0ms)
			CreateAndSetChildDomain (4ms)
		EndReloadAssembly (1023ms)
			LoadAssemblies (288ms)
			RebuildTransferFunctionScriptingTraits (1ms)
			SetupTypeCache (236ms)
			ReleaseScriptCaches (0ms)
			RebuildScriptCaches (57ms)
			SetupLoadedEditorAssemblies (627ms)
				LogAssemblyErrors (0ms)
				InitializePlatformSupportModulesInManaged (17ms)
				SetLoadedEditorAssemblies (0ms)
				RefreshPlugins (169ms)
				BeforeProcessingInitializeOnLoad (6ms)
				ProcessInitializeOnLoadAttributes (310ms)
				ProcessInitializeOnLoadMethodAttributes (124ms)
				AfterProcessingInitializeOnLoad (0ms)
				EditorAssembliesLoaded (1ms)
			ExecutionOrderSort2 (0ms)
			AwakeInstancesAfterBackupRestoration (0ms)
Platform modules already initialized, skipping
Registering precompiled user dll's ...
Registered in 0.025663 seconds.
Begin MonoManager ReloadAssembly
Symbol file LoadedFromMemory doesn't match image D:\User\Documents\GitHub\VT_UI\VT_UI-Proposal\Library\PackageCache\com.unity.visualscripting@1.7.6\Editor\VisualScripting.Core\Dependencies\YamlDotNet\Unity.VisualScripting.YamlDotNet.dll
Symbol file LoadedFromMemory doesn't match image D:\User\Documents\GitHub\VT_UI\VT_UI-Proposal\Library\PackageCache\com.unity.visualscripting@1.7.6\Editor\VisualScripting.Core\Dependencies\DotNetZip\Unity.VisualScripting.IonicZip.dll
Native extension for WindowsStandalone target not found
Native extension for WebGL target not found
Refreshing native plugins compatible for Editor in 1.12 ms, found 3 plugins.
Preloading 0 native plugins for Editor in 0.00 ms.
Mono: successfully reloaded assembly
- Completed reload, in  2.375 seconds
Domain Reload Profiling:
	ReloadAssembly (2377ms)
		BeginReloadAssembly (298ms)
			ExecutionOrderSort (0ms)
			DisableScriptedObjects (18ms)
			BackupInstance (0ms)
			ReleaseScriptingObjects (0ms)
			CreateAndSetChildDomain (36ms)
		EndReloadAssembly (1832ms)
			LoadAssemblies (291ms)
			RebuildTransferFunctionScriptingTraits (0ms)
			SetupTypeCache (638ms)
			ReleaseScriptCaches (2ms)
			RebuildScriptCaches (100ms)
			SetupLoadedEditorAssemblies (782ms)
				LogAssemblyErrors (0ms)
				InitializePlatformSupportModulesInManaged (13ms)
				SetLoadedEditorAssemblies (1ms)
				RefreshPlugins (1ms)
				BeforeProcessingInitializeOnLoad (170ms)
				ProcessInitializeOnLoadAttributes (528ms)
				ProcessInitializeOnLoadMethodAttributes (63ms)
				AfterProcessingInitializeOnLoad (5ms)
				EditorAssembliesLoaded (0ms)
			ExecutionOrderSort2 (0ms)
			AwakeInstancesAfterBackupRestoration (18ms)
Platform modules already initialized, skipping
========================================================================
Worker process is ready to serve import requests
Launched and connected shader compiler UnityShaderCompiler.exe after 0.18 seconds
Refreshing native plugins compatible for Editor in 1.05 ms, found 3 plugins.
Preloading 0 native plugins for Editor in 0.00 ms.
Unloading 3373 Unused Serialized files (Serialized files now loaded: 0)
Unloading 26 unused Assets / (112.6 KB). Loaded Objects now: 3830.
Memory consumption went from 117.8 MB to 117.7 MB.
Total: 7.680600 ms (FindLiveObjects: 0.623200 ms CreateObjectMapping: 0.466200 ms MarkObjects: 6.392400 ms  DeleteObjects: 0.197300 ms)

AssetImportParameters requested are different than current active one (requested -> active):
  custom:video-decoder-ogg-theora: a1e56fd34408186e4bbccfd4996cb3dc -> 
  custom:container-muxer-webm: aa71ff27fc2769a1b78a27578f13a17b -> 
  custom:container-demuxer-webm: 4f35f7cbe854078d1ac9338744f61a02 -> 
  custom:video-encoder-webm-vp8: eb34c28f22e8b96e1ab97ce403110664 -> 
  custom:video-codec-MediaFoundation-h265: 746d11721c4dcdbdad8f713fa42b33f4 -> 
  custom:audio-encoder-webm-vorbis: bf7c407c2cedff20999df2af8eb42d56 -> 
  custom:framework-win-MediaFoundation: 216162199b28c13a410421893ffa2e32 -> 
  custom:container-demuxer-ogg: 62fdf1f143b41e24485cea50d1cbac27 -> 
  custom:video-decoder-webm-vp8: 9c59270c3fd7afecdb556c50c9e8de78 -> 
  custom:audio-decoder-ogg-vorbis: bf7c407c2cedff20999df2af8eb42d56 -> 
========================================================================
Received Import Request.
  Time since last request: 729002.792773 seconds.
  path: Assets/Scenes/SampleScene.unity
  artifactKey: Guid(9fc0d4010bbf28b4594072e72b8655ab) Importer(815301076,1909f56bfc062723c751e8b465ee728b)
Start importing Assets/Scenes/SampleScene.unity using Guid(9fc0d4010bbf28b4594072e72b8655ab) Importer(815301076,1909f56bfc062723c751e8b465ee728b)  -> (artifact id: 'e55ccaa32d8e5c1de03c07a5412c8c3c') in 0.029664 seconds 
========================================================================
Received Import Request.
  Time since last request: 204.649988 seconds.
  path: Assets/Scenes/Main.unity
  artifactKey: Guid(9fc0d4010bbf28b4594072e72b8655ab) Importer(815301076,1909f56bfc062723c751e8b465ee728b)
Start importing Assets/Scenes/Main.unity using Guid(9fc0d4010bbf28b4594072e72b8655ab) Importer(815301076,1909f56bfc062723c751e8b465ee728b)  -> (artifact id: 'b919942db8340269d8f711ae18c75abb') in 0.029220 seconds 
========================================================================
Received Import Request.
  Time since last request: 129.920240 seconds.
  path: Assets/Images_UI/Background.png
  artifactKey: Guid(9172beb93e1a3c4479a9458937fcd49c) Importer(815301076,1909f56bfc062723c751e8b465ee728b)
Start importing Assets/Images_UI/Background.png using Guid(9172beb93e1a3c4479a9458937fcd49c) Importer(815301076,1909f56bfc062723c751e8b465ee728b)  -> (artifact id: '3aca6b1841a7ca57b41b8ee9b130eb8a') in 1.322698 seconds 
========================================================================
Received Import Request.
  Time since last request: 0.000050 seconds.
  path: Assets/Images_Extra/Uc-logo.jpg
  artifactKey: Guid(70623f13db1d06946886a82417d7e3b0) Importer(815301076,1909f56bfc062723c751e8b465ee728b)
Start importing Assets/Images_Extra/Uc-logo.jpg using Guid(70623f13db1d06946886a82417d7e3b0) Importer(815301076,1909f56bfc062723c751e8b465ee728b)  -> (artifact id: 'da1851b31425a900c0b543e319a6d9c1') in 0.305468 seconds 
========================================================================
Received Import Request.
  Time since last request: 0.000073 seconds.
  path: Assets/Images_Extra/Leg_1_Entrance_2.jpg
  artifactKey: Guid(4f60247ae7d706b4daf03131f8741e89) Importer(815301076,1909f56bfc062723c751e8b465ee728b)
Start importing Assets/Images_Extra/Leg_1_Entrance_2.jpg using Guid(4f60247ae7d706b4daf03131f8741e89) Importer(815301076,1909f56bfc062723c751e8b465ee728b)  -> (artifact id: 'b655bc97a16bba03d58e52435f732bfb') in 1.021558 seconds 
========================================================================
Received Import Request.
  Time since last request: 297.630965 seconds.
  path: Assets/Images_Extra/Uc-logo.jpg
  artifactKey: Guid(70623f13db1d06946886a82417d7e3b0) Importer(815301076,1909f56bfc062723c751e8b465ee728b)
Start importing Assets/Images_Extra/Uc-logo.jpg using Guid(70623f13db1d06946886a82417d7e3b0) Importer(815301076,1909f56bfc062723c751e8b465ee728b)  -> (artifact id: 'cda89e7d07da23b9f73a6b7849fad5d1') in 0.045204 seconds 
========================================================================
Received Import Request.
  Time since last request: 37.987259 seconds.
  path: Assets/Images_Extra/University_of_the_Cordilleras_crest.png
  artifactKey: Guid(5ea4e9bd449904f49994b85e335ea8b5) Importer(815301076,1909f56bfc062723c751e8b465ee728b)
Start importing Assets/Images_Extra/University_of_the_Cordilleras_crest.png using Guid(5ea4e9bd449904f49994b85e335ea8b5) Importer(815301076,1909f56bfc062723c751e8b465ee728b)  -> (artifact id: '7f05e93a096c1e5d0641f475e8104067') in 0.060214 seconds 
========================================================================
Received Import Request.
  Time since last request: 6.594753 seconds.
  path: Assets/Images_Extra/University_of_the_Cordilleras_crest.png
  artifactKey: Guid(5ea4e9bd449904f49994b85e335ea8b5) Importer(815301076,1909f56bfc062723c751e8b465ee728b)
Start importing Assets/Images_Extra/University_of_the_Cordilleras_crest.png using Guid(5ea4e9bd449904f49994b85e335ea8b5) Importer(815301076,1909f56bfc062723c751e8b465ee728b)  -> (artifact id: 'd3a1530d83bd6a5174bc2e45ebf04c18') in 0.068057 seconds 
========================================================================
Received Import Request.
  Time since last request: 595.136503 seconds.
  path: Assets/Images_UI/side button.png
  artifactKey: Guid(0aa68116927bbea4a898c24b19a41718) Importer(815301076,1909f56bfc062723c751e8b465ee728b)
Start importing Assets/Images_UI/side button.png using Guid(0aa68116927bbea4a898c24b19a41718) Importer(815301076,1909f56bfc062723c751e8b465ee728b)  -> (artifact id: 'd61f39e2008c7f810d27d04915daa163') in 0.060779 seconds 
========================================================================
Received Import Request.
  Time since last request: 1.640462 seconds.
  path: Assets/Images_UI/SideMenu Btn.png
  artifactKey: Guid(c7d715973dc85cd4eb4f0c50f0cc6a86) Importer(815301076,1909f56bfc062723c751e8b465ee728b)
Start importing Assets/Images_UI/SideMenu Btn.png using Guid(c7d715973dc85cd4eb4f0c50f0cc6a86) Importer(815301076,1909f56bfc062723c751e8b465ee728b)  -> (artifact id: 'fd345951e6b2002f1222d3ac4a686c61') in 0.048745 seconds 
========================================================================
Received Import Request.
  Time since last request: 6.144914 seconds.
  path: Assets/Images_UI/SideMenu Btn.png
  artifactKey: Guid(c7d715973dc85cd4eb4f0c50f0cc6a86) Importer(815301076,1909f56bfc062723c751e8b465ee728b)
Start importing Assets/Images_UI/SideMenu Btn.png using Guid(c7d715973dc85cd4eb4f0c50f0cc6a86) Importer(815301076,1909f56bfc062723c751e8b465ee728b)  -> (artifact id: '99fbd11ac2e3ca429cb37e5c87853a73') in 0.052561 seconds 
========================================================================
Received Import Request.
  Time since last request: 9.211909 seconds.
  path: Assets/Images_UI/side button.png
  artifactKey: Guid(0aa68116927bbea4a898c24b19a41718) Importer(815301076,1909f56bfc062723c751e8b465ee728b)
Start importing Assets/Images_UI/side button.png using Guid(0aa68116927bbea4a898c24b19a41718) Importer(815301076,1909f56bfc062723c751e8b465ee728b)  -> (artifact id: 'ccb70a8988aeb728bb0a8b74ede2b0ed') in 0.068665 seconds 
